<?xml version="1.0" encoding="UTF-8"?>
<!-- Generated by org.testng.reporters.JUnitReportReporter -->
<testsuite hostname="Ronis-MacBook-Pro.local" name="com.paxotech.frameword.test.FirstTest" tests="1" failures="0" timestamp="22 Jun 2015 03:39:31 GMT" time="19.495" errors="0">
  <testcase name="sampleTest" time="19.495" classname="com.paxotech.frameword.test.FirstTest"/>
</testsuite> <!-- com.paxotech.frameword.test.FirstTest -->
